2020-08-07 12:15:47,345 INFO org.springframework.boot.StartupInfoLogger [main] Starting DiagnosticCenterTests on DESKTOP-RCJH2B2 with PID 6916 (started by Sachin Randhawa in D:\BootCamp( 3rd Aug)\Project\health_care_backend)
2020-08-07 12:15:47,362 INFO org.springframework.boot.SpringApplication [main] No active profile set, falling back to default profiles: default
2020-08-07 12:15:51,032 INFO org.springframework.data.repository.config.RepositoryConfigurationDelegate [main] Bootstrapping Spring Data JPA repositories in DEFERRED mode.
2020-08-07 12:15:51,315 INFO org.springframework.data.repository.config.RepositoryConfigurationDelegate [main] Finished Spring Data repository scanning in 259ms. Found 9 JPA repository interfaces.
2020-08-07 12:15:53,058 INFO org.springframework.scheduling.concurrent.ExecutorConfigurationSupport [main] Initializing ExecutorService 'applicationTaskExecutor'
2020-08-07 12:15:53,374 INFO org.hibernate.jpa.internal.util.LogHelper [task-1] HHH000204: Processing PersistenceUnitInfo [name: default]
2020-08-07 12:15:53,627 WARN org.springframework.boot.autoconfigure.orm.jpa.JpaBaseConfiguration$JpaWebConfiguration [main] spring.jpa.open-in-view is enabled by default. Therefore, database queries may be performed during view rendering. Explicitly configure spring.jpa.open-in-view to disable this warning
2020-08-07 12:15:53,791 INFO org.hibernate.Version [task-1] HHH000412: Hibernate ORM core version 5.4.18.Final
2020-08-07 12:15:54,475 INFO org.hibernate.annotations.common.reflection.java.JavaReflectionManager [task-1] HCANN000001: Hibernate Commons Annotations {5.1.0.Final}
2020-08-07 12:15:55,405 INFO com.zaxxer.hikari.HikariDataSource [task-1] HikariPool-1 - Starting...
2020-08-07 12:15:55,420 WARN com.zaxxer.hikari.util.DriverDataSource [task-1] Registered driver with driverClassName=oracle.jdbc.driver.OracleDriver was not found, trying direct instantiation.
2020-08-07 12:15:56,280 INFO org.springframework.security.web.DefaultSecurityFilterChain [main] Creating filter chain: any request, [org.springframework.security.web.context.request.async.WebAsyncManagerIntegrationFilter@4f94e148, org.springframework.security.web.context.SecurityContextPersistenceFilter@48528634, org.springframework.security.web.header.HeaderWriterFilter@fab35b1, org.springframework.web.filter.CorsFilter@7ff8a9dc, org.springframework.security.web.authentication.logout.LogoutFilter@5d43409a, com.cg.healthcare.filter.JwtFilter@5b051a5c, org.springframework.security.web.savedrequest.RequestCacheAwareFilter@4047d2d9, org.springframework.security.web.servletapi.SecurityContextHolderAwareRequestFilter@1b1f5012, org.springframework.security.web.authentication.AnonymousAuthenticationFilter@2cde651b, org.springframework.security.web.session.SessionManagementFilter@3374b5bc, org.springframework.security.web.access.ExceptionTranslationFilter@14b789f6, org.springframework.security.web.access.intercept.FilterSecurityInterceptor@46963479]
2020-08-07 12:15:56,585 INFO com.zaxxer.hikari.HikariDataSource [task-1] HikariPool-1 - Start completed.
2020-08-07 12:15:56,769 INFO org.hibernate.dialect.Dialect [task-1] HHH000400: Using dialect: org.hibernate.dialect.Oracle10gDialect
2020-08-07 12:15:57,979 INFO org.springframework.data.repository.config.DeferredRepositoryInitializationListener [main] Triggering deferred initialization of Spring Data repositories…
2020-08-07 12:15:59,502 INFO org.hibernate.tuple.PojoInstantiator [task-1] HHH000182: No default (no-argument) constructor for class: com.cg.healthcare.entities.Appointment (class must be instantiated by Interceptor)
2020-08-07 12:16:00,305 INFO org.hibernate.engine.transaction.jta.platform.internal.JtaPlatformInitiator [task-1] HHH000490: Using JtaPlatform implementation: [org.hibernate.engine.transaction.jta.platform.internal.NoJtaPlatform]
2020-08-07 12:16:00,316 INFO org.springframework.orm.jpa.AbstractEntityManagerFactoryBean [task-1] Initialized JPA EntityManagerFactory for persistence unit 'default'
2020-08-07 12:16:01,559 INFO org.springframework.data.repository.config.DeferredRepositoryInitializationListener [main] Spring Data repositories initialized!
2020-08-07 12:16:01,581 INFO org.springframework.boot.StartupInfoLogger [main] Started DiagnosticCenterTests in 15.598 seconds (JVM running for 20.398)
2020-08-07 12:16:02,234 INFO org.springframework.orm.jpa.AbstractEntityManagerFactoryBean [SpringContextShutdownHook] Closing JPA EntityManagerFactory for persistence unit 'default'
2020-08-07 12:16:02,244 INFO org.springframework.scheduling.concurrent.ExecutorConfigurationSupport [SpringContextShutdownHook] Shutting down ExecutorService 'applicationTaskExecutor'
2020-08-07 12:16:02,246 INFO com.zaxxer.hikari.HikariDataSource [SpringContextShutdownHook] HikariPool-1 - Shutdown initiated...
2020-08-07 12:16:02,289 INFO com.zaxxer.hikari.HikariDataSource [SpringContextShutdownHook] HikariPool-1 - Shutdown completed.
2020-08-07 17:40:49,324 INFO org.springframework.boot.StartupInfoLogger [main] Starting DiagnosticCenterTests on DESKTOP-RCJH2B2 with PID 6932 (started by Sachin Randhawa in D:\BootCamp( 3rd Aug)\Project\health_care_backend)
2020-08-07 17:40:49,346 INFO org.springframework.boot.SpringApplication [main] No active profile set, falling back to default profiles: default
2020-08-07 17:40:53,128 INFO org.springframework.data.repository.config.RepositoryConfigurationDelegate [main] Bootstrapping Spring Data JPA repositories in DEFERRED mode.
2020-08-07 17:40:53,476 INFO org.springframework.data.repository.config.RepositoryConfigurationDelegate [main] Finished Spring Data repository scanning in 308ms. Found 9 JPA repository interfaces.
2020-08-07 17:40:55,498 INFO org.springframework.scheduling.concurrent.ExecutorConfigurationSupport [main] Initializing ExecutorService 'applicationTaskExecutor'
2020-08-07 17:40:55,824 INFO org.hibernate.jpa.internal.util.LogHelper [task-1] HHH000204: Processing PersistenceUnitInfo [name: default]
2020-08-07 17:40:56,262 INFO org.hibernate.Version [task-1] HHH000412: Hibernate ORM core version 5.4.18.Final
2020-08-07 17:40:56,322 WARN org.springframework.boot.autoconfigure.orm.jpa.JpaBaseConfiguration$JpaWebConfiguration [main] spring.jpa.open-in-view is enabled by default. Therefore, database queries may be performed during view rendering. Explicitly configure spring.jpa.open-in-view to disable this warning
2020-08-07 17:40:57,160 INFO org.hibernate.annotations.common.reflection.java.JavaReflectionManager [task-1] HCANN000001: Hibernate Commons Annotations {5.1.0.Final}
2020-08-07 17:40:57,992 INFO com.zaxxer.hikari.HikariDataSource [task-1] HikariPool-1 - Starting...
2020-08-07 17:40:58,029 WARN com.zaxxer.hikari.util.DriverDataSource [task-1] Registered driver with driverClassName=oracle.jdbc.driver.OracleDriver was not found, trying direct instantiation.
2020-08-07 17:40:59,474 INFO com.zaxxer.hikari.HikariDataSource [task-1] HikariPool-1 - Start completed.
2020-08-07 17:40:59,585 INFO org.hibernate.dialect.Dialect [task-1] HHH000400: Using dialect: org.hibernate.dialect.Oracle10gDialect
2020-08-07 17:40:59,630 INFO org.springframework.security.web.DefaultSecurityFilterChain [main] Creating filter chain: any request, [org.springframework.security.web.context.request.async.WebAsyncManagerIntegrationFilter@7f37b6d9, org.springframework.security.web.context.SecurityContextPersistenceFilter@660f0c, org.springframework.security.web.header.HeaderWriterFilter@2f37f1f9, org.springframework.web.filter.CorsFilter@71e35c4, org.springframework.security.web.authentication.logout.LogoutFilter@51c959a4, com.cg.healthcare.filter.JwtFilter@341672e, org.springframework.security.web.savedrequest.RequestCacheAwareFilter@1b1f5012, org.springframework.security.web.servletapi.SecurityContextHolderAwareRequestFilter@25290bca, org.springframework.security.web.authentication.AnonymousAuthenticationFilter@22a10ac6, org.springframework.security.web.session.SessionManagementFilter@146dcfe6, org.springframework.security.web.access.ExceptionTranslationFilter@1dba4e06, org.springframework.security.web.access.intercept.FilterSecurityInterceptor@78054f54]
2020-08-07 17:41:01,400 INFO org.springframework.data.repository.config.DeferredRepositoryInitializationListener [main] Triggering deferred initialization of Spring Data repositories…
2020-08-07 17:41:02,596 INFO org.hibernate.tuple.PojoInstantiator [task-1] HHH000182: No default (no-argument) constructor for class: com.cg.healthcare.entities.Appointment (class must be instantiated by Interceptor)
2020-08-07 17:41:03,538 INFO org.hibernate.engine.transaction.jta.platform.internal.JtaPlatformInitiator [task-1] HHH000490: Using JtaPlatform implementation: [org.hibernate.engine.transaction.jta.platform.internal.NoJtaPlatform]
2020-08-07 17:41:03,568 INFO org.springframework.orm.jpa.AbstractEntityManagerFactoryBean [task-1] Initialized JPA EntityManagerFactory for persistence unit 'default'
2020-08-07 17:41:04,874 INFO org.springframework.data.repository.config.DeferredRepositoryInitializationListener [main] Spring Data repositories initialized!
2020-08-07 17:41:04,898 INFO org.springframework.boot.StartupInfoLogger [main] Started DiagnosticCenterTests in 16.788 seconds (JVM running for 21.356)
2020-08-07 17:41:05,584 INFO org.springframework.test.context.support.AbstractTestContextBootstrapper [main] Neither @ContextConfiguration nor @ContextHierarchy found for test class [com.cg.healthcare.tests.AdminTests], using SpringBootContextLoader
2020-08-07 17:41:05,593 INFO org.springframework.test.context.support.AbstractContextLoader [main] Could not detect default resource locations for test class [com.cg.healthcare.tests.AdminTests]: no resource found for suffixes {-context.xml, Context.groovy}.
2020-08-07 17:41:05,594 INFO org.springframework.test.context.support.AnnotationConfigContextLoaderUtils [main] Could not detect default configuration classes for test class [com.cg.healthcare.tests.AdminTests]: AdminTests does not declare any static, non-private, non-final, nested classes annotated with @Configuration.
2020-08-07 17:41:05,598 INFO org.springframework.boot.test.context.SpringBootTestContextBootstrapper [main] Found @SpringBootConfiguration com.cg.healthcare.HealthCareMasterApplication for test class com.cg.healthcare.tests.AdminTests
2020-08-07 17:41:05,604 INFO org.springframework.test.context.support.AbstractTestContextBootstrapper [main] Loaded default TestExecutionListener class names from location [META-INF/spring.factories]: [org.springframework.boot.test.mock.mockito.MockitoTestExecutionListener, org.springframework.boot.test.mock.mockito.ResetMocksTestExecutionListener, org.springframework.boot.test.autoconfigure.restdocs.RestDocsTestExecutionListener, org.springframework.boot.test.autoconfigure.web.client.MockRestServiceServerResetTestExecutionListener, org.springframework.boot.test.autoconfigure.web.servlet.MockMvcPrintOnlyOnFailureTestExecutionListener, org.springframework.boot.test.autoconfigure.web.servlet.WebDriverTestExecutionListener, org.springframework.boot.test.autoconfigure.webservices.client.MockWebServiceServerTestExecutionListener, org.springframework.test.context.web.ServletTestExecutionListener, org.springframework.test.context.support.DirtiesContextBeforeModesTestExecutionListener, org.springframework.test.context.support.DependencyInjectionTestExecutionListener, org.springframework.test.context.support.DirtiesContextTestExecutionListener, org.springframework.test.context.transaction.TransactionalTestExecutionListener, org.springframework.test.context.jdbc.SqlScriptsTestExecutionListener, org.springframework.test.context.event.EventPublishingTestExecutionListener, org.springframework.security.test.context.support.WithSecurityContextTestExecutionListener, org.springframework.security.test.context.support.ReactorContextTestExecutionListener]
2020-08-07 17:41:05,608 INFO org.springframework.test.context.support.AbstractTestContextBootstrapper [main] Using TestExecutionListeners: [org.springframework.test.context.web.ServletTestExecutionListener@1f129467, org.springframework.test.context.support.DirtiesContextBeforeModesTestExecutionListener@646cd766, org.springframework.boot.test.mock.mockito.MockitoTestExecutionListener@57151b3a, org.springframework.boot.test.autoconfigure.SpringBootDependencyInjectionTestExecutionListener@26457986, org.springframework.test.context.support.DirtiesContextTestExecutionListener@2dff7085, org.springframework.test.context.transaction.TransactionalTestExecutionListener@2faa55bb, org.springframework.test.context.jdbc.SqlScriptsTestExecutionListener@501957bf, org.springframework.test.context.event.EventPublishingTestExecutionListener@5d1d9d73, org.springframework.security.test.context.support.WithSecurityContextTestExecutionListener@b30a50d, org.springframework.security.test.context.support.ReactorContextTestExecutionListener@764a3e5d, org.springframework.boot.test.mock.mockito.ResetMocksTestExecutionListener@6c742b84, org.springframework.boot.test.autoconfigure.restdocs.RestDocsTestExecutionListener@5db3d57c, org.springframework.boot.test.autoconfigure.web.client.MockRestServiceServerResetTestExecutionListener@53a50b0a, org.springframework.boot.test.autoconfigure.web.servlet.MockMvcPrintOnlyOnFailureTestExecutionListener@74ba6ff5, org.springframework.boot.test.autoconfigure.web.servlet.WebDriverTestExecutionListener@395f52ed, org.springframework.boot.test.autoconfigure.webservices.client.MockWebServiceServerTestExecutionListener@7a84788f]
2020-08-07 17:41:05,677 INFO org.springframework.orm.jpa.AbstractEntityManagerFactoryBean [SpringContextShutdownHook] Closing JPA EntityManagerFactory for persistence unit 'default'
2020-08-07 17:41:05,683 INFO org.springframework.scheduling.concurrent.ExecutorConfigurationSupport [SpringContextShutdownHook] Shutting down ExecutorService 'applicationTaskExecutor'
2020-08-07 17:41:05,684 INFO com.zaxxer.hikari.HikariDataSource [SpringContextShutdownHook] HikariPool-1 - Shutdown initiated...
2020-08-07 17:41:05,740 INFO com.zaxxer.hikari.HikariDataSource [SpringContextShutdownHook] HikariPool-1 - Shutdown completed.
2020-08-07 17:43:17,842 INFO org.springframework.boot.StartupInfoLogger [main] Starting DiagnosticCenterTests on DESKTOP-RCJH2B2 with PID 7192 (started by Sachin Randhawa in D:\BootCamp( 3rd Aug)\Project\health_care_backend)
2020-08-07 17:43:17,852 INFO org.springframework.boot.SpringApplication [main] No active profile set, falling back to default profiles: default
2020-08-07 17:43:18,934 INFO org.springframework.data.repository.config.RepositoryConfigurationDelegate [main] Bootstrapping Spring Data JPA repositories in DEFERRED mode.
2020-08-07 17:43:19,082 INFO org.springframework.data.repository.config.RepositoryConfigurationDelegate [main] Finished Spring Data repository scanning in 132ms. Found 9 JPA repository interfaces.
2020-08-07 17:43:20,101 INFO org.springframework.scheduling.concurrent.ExecutorConfigurationSupport [main] Initializing ExecutorService 'applicationTaskExecutor'
2020-08-07 17:43:20,200 INFO org.hibernate.jpa.internal.util.LogHelper [task-1] HHH000204: Processing PersistenceUnitInfo [name: default]
2020-08-07 17:43:20,322 INFO org.hibernate.Version [task-1] HHH000412: Hibernate ORM core version 5.4.18.Final
2020-08-07 17:43:20,363 WARN org.springframework.boot.autoconfigure.orm.jpa.JpaBaseConfiguration$JpaWebConfiguration [main] spring.jpa.open-in-view is enabled by default. Therefore, database queries may be performed during view rendering. Explicitly configure spring.jpa.open-in-view to disable this warning
2020-08-07 17:43:20,719 INFO org.hibernate.annotations.common.reflection.java.JavaReflectionManager [task-1] HCANN000001: Hibernate Commons Annotations {5.1.0.Final}
2020-08-07 17:43:21,324 INFO com.zaxxer.hikari.HikariDataSource [task-1] HikariPool-1 - Starting...
2020-08-07 17:43:21,330 WARN com.zaxxer.hikari.util.DriverDataSource [task-1] Registered driver with driverClassName=oracle.jdbc.driver.OracleDriver was not found, trying direct instantiation.
2020-08-07 17:43:22,086 INFO org.springframework.security.web.DefaultSecurityFilterChain [main] Creating filter chain: any request, [org.springframework.security.web.context.request.async.WebAsyncManagerIntegrationFilter@54402c04, org.springframework.security.web.context.SecurityContextPersistenceFilter@5b9396d3, org.springframework.security.web.header.HeaderWriterFilter@2a3194c6, org.springframework.web.filter.CorsFilter@5b3bb1f7, org.springframework.security.web.authentication.logout.LogoutFilter@48528634, com.cg.healthcare.filter.JwtFilter@17b6d426, org.springframework.security.web.savedrequest.RequestCacheAwareFilter@6a472566, org.springframework.security.web.servletapi.SecurityContextHolderAwareRequestFilter@5633ed82, org.springframework.security.web.authentication.AnonymousAuthenticationFilter@58d6b7b9, org.springframework.security.web.session.SessionManagementFilter@554f0dfb, org.springframework.security.web.access.ExceptionTranslationFilter@60783105, org.springframework.security.web.access.intercept.FilterSecurityInterceptor@7a0e7ecd]
2020-08-07 17:43:22,462 INFO com.zaxxer.hikari.HikariDataSource [task-1] HikariPool-1 - Start completed.
2020-08-07 17:43:22,500 INFO org.hibernate.dialect.Dialect [task-1] HHH000400: Using dialect: org.hibernate.dialect.Oracle10gDialect
2020-08-07 17:43:23,237 INFO org.springframework.data.repository.config.DeferredRepositoryInitializationListener [main] Triggering deferred initialization of Spring Data repositories…
2020-08-07 17:43:24,498 INFO org.hibernate.tuple.PojoInstantiator [task-1] HHH000182: No default (no-argument) constructor for class: com.cg.healthcare.entities.Appointment (class must be instantiated by Interceptor)
2020-08-07 17:43:25,351 INFO org.hibernate.engine.transaction.jta.platform.internal.JtaPlatformInitiator [task-1] HHH000490: Using JtaPlatform implementation: [org.hibernate.engine.transaction.jta.platform.internal.NoJtaPlatform]
2020-08-07 17:43:25,364 INFO org.springframework.orm.jpa.AbstractEntityManagerFactoryBean [task-1] Initialized JPA EntityManagerFactory for persistence unit 'default'
2020-08-07 17:43:25,994 INFO org.springframework.data.repository.config.DeferredRepositoryInitializationListener [main] Spring Data repositories initialized!
2020-08-07 17:43:26,028 INFO org.springframework.boot.StartupInfoLogger [main] Started DiagnosticCenterTests in 8.817 seconds (JVM running for 10.536)
2020-08-07 17:43:26,556 INFO org.springframework.orm.jpa.AbstractEntityManagerFactoryBean [SpringContextShutdownHook] Closing JPA EntityManagerFactory for persistence unit 'default'
2020-08-07 17:43:26,570 INFO org.springframework.scheduling.concurrent.ExecutorConfigurationSupport [SpringContextShutdownHook] Shutting down ExecutorService 'applicationTaskExecutor'
2020-08-07 17:43:26,571 INFO com.zaxxer.hikari.HikariDataSource [SpringContextShutdownHook] HikariPool-1 - Shutdown initiated...
2020-08-07 17:43:26,599 INFO com.zaxxer.hikari.HikariDataSource [SpringContextShutdownHook] HikariPool-1 - Shutdown completed.
2020-08-07 17:44:21,158 INFO org.springframework.boot.StartupInfoLogger [main] Starting AdminTests on DESKTOP-RCJH2B2 with PID 8404 (started by Sachin Randhawa in D:\BootCamp( 3rd Aug)\Project\health_care_backend)
2020-08-07 17:44:21,166 INFO org.springframework.boot.SpringApplication [main] No active profile set, falling back to default profiles: default
2020-08-07 17:44:22,260 INFO org.springframework.data.repository.config.RepositoryConfigurationDelegate [main] Bootstrapping Spring Data JPA repositories in DEFERRED mode.
2020-08-07 17:44:22,406 INFO org.springframework.data.repository.config.RepositoryConfigurationDelegate [main] Finished Spring Data repository scanning in 128ms. Found 9 JPA repository interfaces.
2020-08-07 17:44:23,433 INFO org.springframework.scheduling.concurrent.ExecutorConfigurationSupport [main] Initializing ExecutorService 'applicationTaskExecutor'
2020-08-07 17:44:23,527 INFO org.hibernate.jpa.internal.util.LogHelper [task-1] HHH000204: Processing PersistenceUnitInfo [name: default]
2020-08-07 17:44:23,672 WARN org.springframework.boot.autoconfigure.orm.jpa.JpaBaseConfiguration$JpaWebConfiguration [main] spring.jpa.open-in-view is enabled by default. Therefore, database queries may be performed during view rendering. Explicitly configure spring.jpa.open-in-view to disable this warning
2020-08-07 17:44:23,689 INFO org.hibernate.Version [task-1] HHH000412: Hibernate ORM core version 5.4.18.Final
2020-08-07 17:44:23,994 INFO org.hibernate.annotations.common.reflection.java.JavaReflectionManager [task-1] HCANN000001: Hibernate Commons Annotations {5.1.0.Final}
2020-08-07 17:44:24,583 INFO com.zaxxer.hikari.HikariDataSource [task-1] HikariPool-1 - Starting...
2020-08-07 17:44:24,589 WARN com.zaxxer.hikari.util.DriverDataSource [task-1] Registered driver with driverClassName=oracle.jdbc.driver.OracleDriver was not found, trying direct instantiation.
2020-08-07 17:44:25,415 INFO org.springframework.security.web.DefaultSecurityFilterChain [main] Creating filter chain: any request, [org.springframework.security.web.context.request.async.WebAsyncManagerIntegrationFilter@30c1da48, org.springframework.security.web.context.SecurityContextPersistenceFilter@38bb9d7a, org.springframework.security.web.header.HeaderWriterFilter@5bc7e78e, org.springframework.web.filter.CorsFilter@43a65cd8, org.springframework.security.web.authentication.logout.LogoutFilter@1dba4e06, com.cg.healthcare.filter.JwtFilter@4492eede, org.springframework.security.web.savedrequest.RequestCacheAwareFilter@78d6447a, org.springframework.security.web.servletapi.SecurityContextHolderAwareRequestFilter@761e788f, org.springframework.security.web.authentication.AnonymousAuthenticationFilter@3f1ef9d6, org.springframework.security.web.session.SessionManagementFilter@2a3194c6, org.springframework.security.web.access.ExceptionTranslationFilter@61cd1c71, org.springframework.security.web.access.intercept.FilterSecurityInterceptor@21bd20ee]
2020-08-07 17:44:25,793 INFO com.zaxxer.hikari.HikariDataSource [task-1] HikariPool-1 - Start completed.
2020-08-07 17:44:25,840 INFO org.hibernate.dialect.Dialect [task-1] HHH000400: Using dialect: org.hibernate.dialect.Oracle10gDialect
2020-08-07 17:44:26,586 INFO org.springframework.data.repository.config.DeferredRepositoryInitializationListener [main] Triggering deferred initialization of Spring Data repositories…
2020-08-07 17:44:27,828 INFO org.hibernate.tuple.PojoInstantiator [task-1] HHH000182: No default (no-argument) constructor for class: com.cg.healthcare.entities.Appointment (class must be instantiated by Interceptor)
2020-08-07 17:44:28,649 INFO org.hibernate.engine.transaction.jta.platform.internal.JtaPlatformInitiator [task-1] HHH000490: Using JtaPlatform implementation: [org.hibernate.engine.transaction.jta.platform.internal.NoJtaPlatform]
2020-08-07 17:44:28,660 INFO org.springframework.orm.jpa.AbstractEntityManagerFactoryBean [task-1] Initialized JPA EntityManagerFactory for persistence unit 'default'
2020-08-07 17:44:29,220 INFO org.springframework.data.repository.config.DeferredRepositoryInitializationListener [main] Spring Data repositories initialized!
2020-08-07 17:44:29,232 INFO org.springframework.boot.StartupInfoLogger [main] Started AdminTests in 8.725 seconds (JVM running for 10.281)
2020-08-07 17:44:29,724 INFO org.springframework.orm.jpa.AbstractEntityManagerFactoryBean [SpringContextShutdownHook] Closing JPA EntityManagerFactory for persistence unit 'default'
2020-08-07 17:44:29,737 INFO org.springframework.scheduling.concurrent.ExecutorConfigurationSupport [SpringContextShutdownHook] Shutting down ExecutorService 'applicationTaskExecutor'
2020-08-07 17:44:29,739 INFO com.zaxxer.hikari.HikariDataSource [SpringContextShutdownHook] HikariPool-1 - Shutdown initiated...
2020-08-07 17:44:29,776 INFO com.zaxxer.hikari.HikariDataSource [SpringContextShutdownHook] HikariPool-1 - Shutdown completed.
2020-08-07 17:44:46,079 INFO org.springframework.boot.StartupInfoLogger [main] Starting AdminTests on DESKTOP-RCJH2B2 with PID 4560 (started by Sachin Randhawa in D:\BootCamp( 3rd Aug)\Project\health_care_backend)
2020-08-07 17:44:46,083 INFO org.springframework.boot.SpringApplication [main] No active profile set, falling back to default profiles: default
2020-08-07 17:44:47,170 INFO org.springframework.data.repository.config.RepositoryConfigurationDelegate [main] Bootstrapping Spring Data JPA repositories in DEFERRED mode.
2020-08-07 17:44:47,313 INFO org.springframework.data.repository.config.RepositoryConfigurationDelegate [main] Finished Spring Data repository scanning in 130ms. Found 9 JPA repository interfaces.
2020-08-07 17:44:48,352 INFO org.springframework.scheduling.concurrent.ExecutorConfigurationSupport [main] Initializing ExecutorService 'applicationTaskExecutor'
2020-08-07 17:44:48,458 INFO org.hibernate.jpa.internal.util.LogHelper [task-1] HHH000204: Processing PersistenceUnitInfo [name: default]
2020-08-07 17:44:48,591 WARN org.springframework.boot.autoconfigure.orm.jpa.JpaBaseConfiguration$JpaWebConfiguration [main] spring.jpa.open-in-view is enabled by default. Therefore, database queries may be performed during view rendering. Explicitly configure spring.jpa.open-in-view to disable this warning
2020-08-07 17:44:48,631 INFO org.hibernate.Version [task-1] HHH000412: Hibernate ORM core version 5.4.18.Final
2020-08-07 17:44:48,974 INFO org.hibernate.annotations.common.reflection.java.JavaReflectionManager [task-1] HCANN000001: Hibernate Commons Annotations {5.1.0.Final}
2020-08-07 17:44:49,574 INFO com.zaxxer.hikari.HikariDataSource [task-1] HikariPool-1 - Starting...
2020-08-07 17:44:49,581 WARN com.zaxxer.hikari.util.DriverDataSource [task-1] Registered driver with driverClassName=oracle.jdbc.driver.OracleDriver was not found, trying direct instantiation.
2020-08-07 17:44:50,329 INFO org.springframework.security.web.DefaultSecurityFilterChain [main] Creating filter chain: any request, [org.springframework.security.web.context.request.async.WebAsyncManagerIntegrationFilter@670b3ca, org.springframework.security.web.context.SecurityContextPersistenceFilter@1f7076bc, org.springframework.security.web.header.HeaderWriterFilter@35d5ac51, org.springframework.web.filter.CorsFilter@24a86066, org.springframework.security.web.authentication.logout.LogoutFilter@2af69643, com.cg.healthcare.filter.JwtFilter@7be71476, org.springframework.security.web.savedrequest.RequestCacheAwareFilter@5b9396d3, org.springframework.security.web.servletapi.SecurityContextHolderAwareRequestFilter@2d9dff65, org.springframework.security.web.authentication.AnonymousAuthenticationFilter@54402c04, org.springframework.security.web.session.SessionManagementFilter@7a729f84, org.springframework.security.web.access.ExceptionTranslationFilter@546e61d5, org.springframework.security.web.access.intercept.FilterSecurityInterceptor@255eaa6b]
2020-08-07 17:44:50,700 INFO com.zaxxer.hikari.HikariDataSource [task-1] HikariPool-1 - Start completed.
2020-08-07 17:44:50,736 INFO org.hibernate.dialect.Dialect [task-1] HHH000400: Using dialect: org.hibernate.dialect.Oracle10gDialect
2020-08-07 17:44:51,477 INFO org.springframework.data.repository.config.DeferredRepositoryInitializationListener [main] Triggering deferred initialization of Spring Data repositories…
2020-08-07 17:44:52,662 INFO org.hibernate.tuple.PojoInstantiator [task-1] HHH000182: No default (no-argument) constructor for class: com.cg.healthcare.entities.Appointment (class must be instantiated by Interceptor)
2020-08-07 17:44:53,431 INFO org.hibernate.engine.transaction.jta.platform.internal.JtaPlatformInitiator [task-1] HHH000490: Using JtaPlatform implementation: [org.hibernate.engine.transaction.jta.platform.internal.NoJtaPlatform]
2020-08-07 17:44:53,445 INFO org.springframework.orm.jpa.AbstractEntityManagerFactoryBean [task-1] Initialized JPA EntityManagerFactory for persistence unit 'default'
2020-08-07 17:44:54,122 INFO org.springframework.data.repository.config.DeferredRepositoryInitializationListener [main] Spring Data repositories initialized!
2020-08-07 17:44:54,132 INFO org.springframework.boot.StartupInfoLogger [main] Started AdminTests in 8.682 seconds (JVM running for 10.292)
2020-08-07 17:44:54,608 INFO org.springframework.orm.jpa.AbstractEntityManagerFactoryBean [SpringContextShutdownHook] Closing JPA EntityManagerFactory for persistence unit 'default'
2020-08-07 17:44:54,620 INFO org.springframework.scheduling.concurrent.ExecutorConfigurationSupport [SpringContextShutdownHook] Shutting down ExecutorService 'applicationTaskExecutor'
2020-08-07 17:44:54,621 INFO com.zaxxer.hikari.HikariDataSource [SpringContextShutdownHook] HikariPool-1 - Shutdown initiated...
2020-08-07 17:44:54,671 INFO com.zaxxer.hikari.HikariDataSource [SpringContextShutdownHook] HikariPool-1 - Shutdown completed.
2020-08-07 17:47:09,956 INFO org.springframework.boot.StartupInfoLogger [main] Starting AdminTests on DESKTOP-RCJH2B2 with PID 2056 (started by Sachin Randhawa in D:\BootCamp( 3rd Aug)\Project\health_care_backend)
2020-08-07 17:47:09,958 INFO org.springframework.boot.SpringApplication [main] No active profile set, falling back to default profiles: default
2020-08-07 17:47:11,117 INFO org.springframework.data.repository.config.RepositoryConfigurationDelegate [main] Bootstrapping Spring Data JPA repositories in DEFERRED mode.
2020-08-07 17:47:11,272 INFO org.springframework.data.repository.config.RepositoryConfigurationDelegate [main] Finished Spring Data repository scanning in 142ms. Found 9 JPA repository interfaces.
2020-08-07 17:47:12,344 INFO org.springframework.scheduling.concurrent.ExecutorConfigurationSupport [main] Initializing ExecutorService 'applicationTaskExecutor'
2020-08-07 17:47:12,443 INFO org.hibernate.jpa.internal.util.LogHelper [task-1] HHH000204: Processing PersistenceUnitInfo [name: default]
2020-08-07 17:47:12,578 INFO org.hibernate.Version [task-1] HHH000412: Hibernate ORM core version 5.4.18.Final
2020-08-07 17:47:12,588 WARN org.springframework.boot.autoconfigure.orm.jpa.JpaBaseConfiguration$JpaWebConfiguration [main] spring.jpa.open-in-view is enabled by default. Therefore, database queries may be performed during view rendering. Explicitly configure spring.jpa.open-in-view to disable this warning
2020-08-07 17:47:13,037 INFO org.hibernate.annotations.common.reflection.java.JavaReflectionManager [task-1] HCANN000001: Hibernate Commons Annotations {5.1.0.Final}
2020-08-07 17:47:13,626 INFO com.zaxxer.hikari.HikariDataSource [task-1] HikariPool-1 - Starting...
2020-08-07 17:47:13,632 WARN com.zaxxer.hikari.util.DriverDataSource [task-1] Registered driver with driverClassName=oracle.jdbc.driver.OracleDriver was not found, trying direct instantiation.
2020-08-07 17:47:14,462 INFO org.springframework.security.web.DefaultSecurityFilterChain [main] Creating filter chain: any request, [org.springframework.security.web.context.request.async.WebAsyncManagerIntegrationFilter@670b3ca, org.springframework.security.web.context.SecurityContextPersistenceFilter@1f7076bc, org.springframework.security.web.header.HeaderWriterFilter@35d5ac51, org.springframework.web.filter.CorsFilter@24a86066, org.springframework.security.web.authentication.logout.LogoutFilter@2af69643, com.cg.healthcare.filter.JwtFilter@7be71476, org.springframework.security.web.savedrequest.RequestCacheAwareFilter@5b9396d3, org.springframework.security.web.servletapi.SecurityContextHolderAwareRequestFilter@2d9dff65, org.springframework.security.web.authentication.AnonymousAuthenticationFilter@54402c04, org.springframework.security.web.session.SessionManagementFilter@7a729f84, org.springframework.security.web.access.ExceptionTranslationFilter@546e61d5, org.springframework.security.web.access.intercept.FilterSecurityInterceptor@255eaa6b]
2020-08-07 17:47:14,933 INFO com.zaxxer.hikari.HikariDataSource [task-1] HikariPool-1 - Start completed.
2020-08-07 17:47:14,977 INFO org.hibernate.dialect.Dialect [task-1] HHH000400: Using dialect: org.hibernate.dialect.Oracle10gDialect
2020-08-07 17:47:15,564 INFO org.springframework.data.repository.config.DeferredRepositoryInitializationListener [main] Triggering deferred initialization of Spring Data repositories…
2020-08-07 17:47:16,832 INFO org.hibernate.tuple.PojoInstantiator [task-1] HHH000182: No default (no-argument) constructor for class: com.cg.healthcare.entities.Appointment (class must be instantiated by Interceptor)
2020-08-07 17:47:17,533 INFO org.hibernate.engine.transaction.jta.platform.internal.JtaPlatformInitiator [task-1] HHH000490: Using JtaPlatform implementation: [org.hibernate.engine.transaction.jta.platform.internal.NoJtaPlatform]
2020-08-07 17:47:17,544 INFO org.springframework.orm.jpa.AbstractEntityManagerFactoryBean [task-1] Initialized JPA EntityManagerFactory for persistence unit 'default'
2020-08-07 17:47:18,157 INFO org.springframework.data.repository.config.DeferredRepositoryInitializationListener [main] Spring Data repositories initialized!
2020-08-07 17:47:18,168 INFO org.springframework.boot.StartupInfoLogger [main] Started AdminTests in 8.844 seconds (JVM running for 10.343)
2020-08-07 17:47:18,641 INFO org.springframework.orm.jpa.AbstractEntityManagerFactoryBean [SpringContextShutdownHook] Closing JPA EntityManagerFactory for persistence unit 'default'
2020-08-07 17:47:18,653 INFO org.springframework.scheduling.concurrent.ExecutorConfigurationSupport [SpringContextShutdownHook] Shutting down ExecutorService 'applicationTaskExecutor'
2020-08-07 17:47:18,658 INFO com.zaxxer.hikari.HikariDataSource [SpringContextShutdownHook] HikariPool-1 - Shutdown initiated...
2020-08-07 17:47:18,690 INFO com.zaxxer.hikari.HikariDataSource [SpringContextShutdownHook] HikariPool-1 - Shutdown completed.
2020-08-07 17:47:49,785 INFO org.springframework.boot.StartupInfoLogger [main] Starting AdminTests on DESKTOP-RCJH2B2 with PID 6948 (started by Sachin Randhawa in D:\BootCamp( 3rd Aug)\Project\health_care_backend)
2020-08-07 17:47:49,789 INFO org.springframework.boot.SpringApplication [main] No active profile set, falling back to default profiles: default
2020-08-07 17:47:50,887 INFO org.springframework.data.repository.config.RepositoryConfigurationDelegate [main] Bootstrapping Spring Data JPA repositories in DEFERRED mode.
2020-08-07 17:47:51,062 INFO org.springframework.data.repository.config.RepositoryConfigurationDelegate [main] Finished Spring Data repository scanning in 159ms. Found 9 JPA repository interfaces.
2020-08-07 17:47:52,198 INFO org.springframework.scheduling.concurrent.ExecutorConfigurationSupport [main] Initializing ExecutorService 'applicationTaskExecutor'
2020-08-07 17:47:52,292 INFO org.hibernate.jpa.internal.util.LogHelper [task-1] HHH000204: Processing PersistenceUnitInfo [name: default]
2020-08-07 17:47:52,382 WARN org.springframework.boot.autoconfigure.orm.jpa.JpaBaseConfiguration$JpaWebConfiguration [main] spring.jpa.open-in-view is enabled by default. Therefore, database queries may be performed during view rendering. Explicitly configure spring.jpa.open-in-view to disable this warning
2020-08-07 17:47:52,440 INFO org.hibernate.Version [task-1] HHH000412: Hibernate ORM core version 5.4.18.Final
2020-08-07 17:47:52,814 INFO org.hibernate.annotations.common.reflection.java.JavaReflectionManager [task-1] HCANN000001: Hibernate Commons Annotations {5.1.0.Final}
2020-08-07 17:47:53,360 INFO com.zaxxer.hikari.HikariDataSource [task-1] HikariPool-1 - Starting...
2020-08-07 17:47:53,366 WARN com.zaxxer.hikari.util.DriverDataSource [task-1] Registered driver with driverClassName=oracle.jdbc.driver.OracleDriver was not found, trying direct instantiation.
2020-08-07 17:47:54,078 INFO org.springframework.security.web.DefaultSecurityFilterChain [main] Creating filter chain: any request, [org.springframework.security.web.context.request.async.WebAsyncManagerIntegrationFilter@3fd9e827, org.springframework.security.web.context.SecurityContextPersistenceFilter@1e469dfd, org.springframework.security.web.header.HeaderWriterFilter@60783105, org.springframework.web.filter.CorsFilter@4e682398, org.springframework.security.web.authentication.logout.LogoutFilter@2f37f1f9, com.cg.healthcare.filter.JwtFilter@f288c14, org.springframework.security.web.savedrequest.RequestCacheAwareFilter@1f7076bc, org.springframework.security.web.servletapi.SecurityContextHolderAwareRequestFilter@5b3a7ef5, org.springframework.security.web.authentication.AnonymousAuthenticationFilter@670b3ca, org.springframework.security.web.session.SessionManagementFilter@1e8ab90f, org.springframework.security.web.access.ExceptionTranslationFilter@5bc7e78e, org.springframework.security.web.access.intercept.FilterSecurityInterceptor@60bbacfc]
2020-08-07 17:47:54,555 INFO com.zaxxer.hikari.HikariDataSource [task-1] HikariPool-1 - Start completed.
2020-08-07 17:47:54,590 INFO org.hibernate.dialect.Dialect [task-1] HHH000400: Using dialect: org.hibernate.dialect.Oracle10gDialect
2020-08-07 17:47:55,115 INFO org.springframework.data.repository.config.DeferredRepositoryInitializationListener [main] Triggering deferred initialization of Spring Data repositories…
2020-08-07 17:47:56,579 INFO org.hibernate.tuple.PojoInstantiator [task-1] HHH000182: No default (no-argument) constructor for class: com.cg.healthcare.entities.Appointment (class must be instantiated by Interceptor)
2020-08-07 17:47:57,410 INFO org.hibernate.engine.transaction.jta.platform.internal.JtaPlatformInitiator [task-1] HHH000490: Using JtaPlatform implementation: [org.hibernate.engine.transaction.jta.platform.internal.NoJtaPlatform]
2020-08-07 17:47:57,422 INFO org.springframework.orm.jpa.AbstractEntityManagerFactoryBean [task-1] Initialized JPA EntityManagerFactory for persistence unit 'default'
2020-08-07 17:47:58,025 INFO org.springframework.data.repository.config.DeferredRepositoryInitializationListener [main] Spring Data repositories initialized!
2020-08-07 17:47:58,048 INFO org.springframework.boot.StartupInfoLogger [main] Started AdminTests in 8.888 seconds (JVM running for 10.383)
2020-08-07 17:47:58,515 INFO org.springframework.orm.jpa.AbstractEntityManagerFactoryBean [SpringContextShutdownHook] Closing JPA EntityManagerFactory for persistence unit 'default'
2020-08-07 17:47:58,526 INFO org.springframework.scheduling.concurrent.ExecutorConfigurationSupport [SpringContextShutdownHook] Shutting down ExecutorService 'applicationTaskExecutor'
2020-08-07 17:47:58,529 INFO com.zaxxer.hikari.HikariDataSource [SpringContextShutdownHook] HikariPool-1 - Shutdown initiated...
2020-08-07 17:47:58,553 INFO com.zaxxer.hikari.HikariDataSource [SpringContextShutdownHook] HikariPool-1 - Shutdown completed.
2020-08-07 18:42:26,119 INFO org.springframework.boot.StartupInfoLogger [main] Starting AdminTests on DESKTOP-RCJH2B2 with PID 9096 (started by Sachin Randhawa in D:\BootCamp( 3rd Aug)\Project\health_care_backend)
2020-08-07 18:42:26,159 INFO org.springframework.boot.SpringApplication [main] No active profile set, falling back to default profiles: default
2020-08-07 18:42:30,607 INFO org.springframework.data.repository.config.RepositoryConfigurationDelegate [main] Bootstrapping Spring Data JPA repositories in DEFERRED mode.
2020-08-07 18:42:31,282 INFO org.springframework.data.repository.config.RepositoryConfigurationDelegate [main] Finished Spring Data repository scanning in 566ms. Found 9 JPA repository interfaces.
2020-08-07 18:42:33,639 INFO org.springframework.scheduling.concurrent.ExecutorConfigurationSupport [main] Initializing ExecutorService 'applicationTaskExecutor'
2020-08-07 18:42:33,957 INFO org.hibernate.jpa.internal.util.LogHelper [task-1] HHH000204: Processing PersistenceUnitInfo [name: default]
2020-08-07 18:42:34,350 WARN org.springframework.boot.autoconfigure.orm.jpa.JpaBaseConfiguration$JpaWebConfiguration [main] spring.jpa.open-in-view is enabled by default. Therefore, database queries may be performed during view rendering. Explicitly configure spring.jpa.open-in-view to disable this warning
2020-08-07 18:42:34,400 INFO org.hibernate.Version [task-1] HHH000412: Hibernate ORM core version 5.4.18.Final
2020-08-07 18:42:35,565 INFO org.hibernate.annotations.common.reflection.java.JavaReflectionManager [task-1] HCANN000001: Hibernate Commons Annotations {5.1.0.Final}
2020-08-07 18:42:36,538 INFO com.zaxxer.hikari.HikariDataSource [task-1] HikariPool-1 - Starting...
2020-08-07 18:42:36,553 WARN com.zaxxer.hikari.util.DriverDataSource [task-1] Registered driver with driverClassName=oracle.jdbc.driver.OracleDriver was not found, trying direct instantiation.
2020-08-07 18:42:38,024 INFO com.zaxxer.hikari.HikariDataSource [task-1] HikariPool-1 - Start completed.
2020-08-07 18:42:38,102 INFO org.springframework.security.web.DefaultSecurityFilterChain [main] Creating filter chain: any request, [org.springframework.security.web.context.request.async.WebAsyncManagerIntegrationFilter@16a9eb2e, org.springframework.security.web.context.SecurityContextPersistenceFilter@60783105, org.springframework.security.web.header.HeaderWriterFilter@7e7f0216, org.springframework.web.filter.CorsFilter@76332405, org.springframework.security.web.authentication.logout.LogoutFilter@14b789f6, com.cg.healthcare.filter.JwtFilter@6014a9ba, org.springframework.security.web.savedrequest.RequestCacheAwareFilter@35d5ac51, org.springframework.security.web.servletapi.SecurityContextHolderAwareRequestFilter@78d6447a, org.springframework.security.web.authentication.AnonymousAuthenticationFilter@187e5235, org.springframework.security.web.session.SessionManagementFilter@1a4d1ab7, org.springframework.security.web.access.ExceptionTranslationFilter@7e19755a, org.springframework.security.web.access.intercept.FilterSecurityInterceptor@3968bc60]
2020-08-07 18:42:38,178 INFO org.hibernate.dialect.Dialect [task-1] HHH000400: Using dialect: org.hibernate.dialect.Oracle10gDialect
2020-08-07 18:42:40,175 INFO org.springframework.data.repository.config.DeferredRepositoryInitializationListener [main] Triggering deferred initialization of Spring Data repositories…
2020-08-07 18:42:41,478 INFO org.hibernate.tuple.PojoInstantiator [task-1] HHH000182: No default (no-argument) constructor for class: com.cg.healthcare.entities.Appointment (class must be instantiated by Interceptor)
2020-08-07 18:42:42,718 INFO org.hibernate.engine.transaction.jta.platform.internal.JtaPlatformInitiator [task-1] HHH000490: Using JtaPlatform implementation: [org.hibernate.engine.transaction.jta.platform.internal.NoJtaPlatform]
2020-08-07 18:42:42,751 INFO org.springframework.orm.jpa.AbstractEntityManagerFactoryBean [task-1] Initialized JPA EntityManagerFactory for persistence unit 'default'
2020-08-07 18:42:44,245 INFO org.springframework.data.repository.config.DeferredRepositoryInitializationListener [main] Spring Data repositories initialized!
2020-08-07 18:42:44,270 INFO org.springframework.boot.StartupInfoLogger [main] Started AdminTests in 19.988 seconds (JVM running for 25.041)
2020-08-07 18:42:45,148 INFO org.springframework.orm.jpa.AbstractEntityManagerFactoryBean [SpringContextShutdownHook] Closing JPA EntityManagerFactory for persistence unit 'default'
2020-08-07 18:42:45,159 INFO org.springframework.scheduling.concurrent.ExecutorConfigurationSupport [SpringContextShutdownHook] Shutting down ExecutorService 'applicationTaskExecutor'
2020-08-07 18:42:45,159 INFO com.zaxxer.hikari.HikariDataSource [SpringContextShutdownHook] HikariPool-1 - Shutdown initiated...
2020-08-07 18:42:45,196 INFO com.zaxxer.hikari.HikariDataSource [SpringContextShutdownHook] HikariPool-1 - Shutdown completed.
2020-08-07 18:45:57,984 INFO org.springframework.boot.StartupInfoLogger [main] Starting AdminTests on DESKTOP-RCJH2B2 with PID 7336 (started by Sachin Randhawa in D:\BootCamp( 3rd Aug)\Project\health_care_backend)
2020-08-07 18:45:57,987 INFO org.springframework.boot.SpringApplication [main] No active profile set, falling back to default profiles: default
2020-08-07 18:45:59,440 INFO org.springframework.data.repository.config.RepositoryConfigurationDelegate [main] Bootstrapping Spring Data JPA repositories in DEFERRED mode.
2020-08-07 18:45:59,606 INFO org.springframework.data.repository.config.RepositoryConfigurationDelegate [main] Finished Spring Data repository scanning in 151ms. Found 9 JPA repository interfaces.
2020-08-07 18:46:00,719 INFO org.springframework.scheduling.concurrent.ExecutorConfigurationSupport [main] Initializing ExecutorService 'applicationTaskExecutor'
2020-08-07 18:46:00,811 INFO org.hibernate.jpa.internal.util.LogHelper [task-1] HHH000204: Processing PersistenceUnitInfo [name: default]
2020-08-07 18:46:00,946 WARN org.springframework.boot.autoconfigure.orm.jpa.JpaBaseConfiguration$JpaWebConfiguration [main] spring.jpa.open-in-view is enabled by default. Therefore, database queries may be performed during view rendering. Explicitly configure spring.jpa.open-in-view to disable this warning
2020-08-07 18:46:00,970 INFO org.hibernate.Version [task-1] HHH000412: Hibernate ORM core version 5.4.18.Final
2020-08-07 18:46:01,303 INFO org.hibernate.annotations.common.reflection.java.JavaReflectionManager [task-1] HCANN000001: Hibernate Commons Annotations {5.1.0.Final}
2020-08-07 18:46:01,868 INFO com.zaxxer.hikari.HikariDataSource [task-1] HikariPool-1 - Starting...
2020-08-07 18:46:01,876 WARN com.zaxxer.hikari.util.DriverDataSource [task-1] Registered driver with driverClassName=oracle.jdbc.driver.OracleDriver was not found, trying direct instantiation.
2020-08-07 18:46:02,557 INFO org.springframework.security.web.DefaultSecurityFilterChain [main] Creating filter chain: any request, [org.springframework.security.web.context.request.async.WebAsyncManagerIntegrationFilter@670b3ca, org.springframework.security.web.context.SecurityContextPersistenceFilter@1f7076bc, org.springframework.security.web.header.HeaderWriterFilter@35d5ac51, org.springframework.web.filter.CorsFilter@24a86066, org.springframework.security.web.authentication.logout.LogoutFilter@2af69643, com.cg.healthcare.filter.JwtFilter@7be71476, org.springframework.security.web.savedrequest.RequestCacheAwareFilter@5b9396d3, org.springframework.security.web.servletapi.SecurityContextHolderAwareRequestFilter@2d9dff65, org.springframework.security.web.authentication.AnonymousAuthenticationFilter@54402c04, org.springframework.security.web.session.SessionManagementFilter@7a729f84, org.springframework.security.web.access.ExceptionTranslationFilter@546e61d5, org.springframework.security.web.access.intercept.FilterSecurityInterceptor@255eaa6b]
2020-08-07 18:46:02,945 INFO com.zaxxer.hikari.HikariDataSource [task-1] HikariPool-1 - Start completed.
2020-08-07 18:46:02,988 INFO org.hibernate.dialect.Dialect [task-1] HHH000400: Using dialect: org.hibernate.dialect.Oracle10gDialect
2020-08-07 18:46:03,738 INFO org.springframework.data.repository.config.DeferredRepositoryInitializationListener [main] Triggering deferred initialization of Spring Data repositories…
2020-08-07 18:46:04,984 INFO org.hibernate.tuple.PojoInstantiator [task-1] HHH000182: No default (no-argument) constructor for class: com.cg.healthcare.entities.Appointment (class must be instantiated by Interceptor)
2020-08-07 18:46:05,772 INFO org.hibernate.engine.transaction.jta.platform.internal.JtaPlatformInitiator [task-1] HHH000490: Using JtaPlatform implementation: [org.hibernate.engine.transaction.jta.platform.internal.NoJtaPlatform]
2020-08-07 18:46:05,783 INFO org.springframework.orm.jpa.AbstractEntityManagerFactoryBean [task-1] Initialized JPA EntityManagerFactory for persistence unit 'default'
2020-08-07 18:46:06,431 INFO org.springframework.data.repository.config.DeferredRepositoryInitializationListener [main] Spring Data repositories initialized!
2020-08-07 18:46:06,441 INFO org.springframework.boot.StartupInfoLogger [main] Started AdminTests in 9.204 seconds (JVM running for 10.789)
2020-08-07 18:46:06,932 INFO org.springframework.orm.jpa.AbstractEntityManagerFactoryBean [SpringContextShutdownHook] Closing JPA EntityManagerFactory for persistence unit 'default'
2020-08-07 18:46:06,935 INFO org.springframework.scheduling.concurrent.ExecutorConfigurationSupport [SpringContextShutdownHook] Shutting down ExecutorService 'applicationTaskExecutor'
2020-08-07 18:46:06,937 INFO com.zaxxer.hikari.HikariDataSource [SpringContextShutdownHook] HikariPool-1 - Shutdown initiated...
2020-08-07 18:46:06,962 INFO com.zaxxer.hikari.HikariDataSource [SpringContextShutdownHook] HikariPool-1 - Shutdown completed.
2020-08-07 21:12:29,166 INFO org.springframework.boot.StartupInfoLogger [main] Starting AdminTests on DESKTOP-RCJH2B2 with PID 2880 (started by Sachin Randhawa in D:\BootCamp( 3rd Aug)\Project\health_care_backend)
2020-08-07 21:12:29,187 INFO org.springframework.boot.SpringApplication [main] No active profile set, falling back to default profiles: default
2020-08-07 21:12:32,689 INFO org.springframework.data.repository.config.RepositoryConfigurationDelegate [main] Bootstrapping Spring Data JPA repositories in DEFERRED mode.
2020-08-07 21:12:32,973 INFO org.springframework.data.repository.config.RepositoryConfigurationDelegate [main] Finished Spring Data repository scanning in 260ms. Found 9 JPA repository interfaces.
2020-08-07 21:12:35,248 INFO org.springframework.scheduling.concurrent.ExecutorConfigurationSupport [main] Initializing ExecutorService 'applicationTaskExecutor'
2020-08-07 21:12:35,538 INFO org.hibernate.jpa.internal.util.LogHelper [task-1] HHH000204: Processing PersistenceUnitInfo [name: default]
2020-08-07 21:12:35,824 WARN org.springframework.boot.autoconfigure.orm.jpa.JpaBaseConfiguration$JpaWebConfiguration [main] spring.jpa.open-in-view is enabled by default. Therefore, database queries may be performed during view rendering. Explicitly configure spring.jpa.open-in-view to disable this warning
2020-08-07 21:12:35,969 INFO org.hibernate.Version [task-1] HHH000412: Hibernate ORM core version 5.4.18.Final
2020-08-07 21:12:37,001 INFO org.hibernate.annotations.common.reflection.java.JavaReflectionManager [task-1] HCANN000001: Hibernate Commons Annotations {5.1.0.Final}
2020-08-07 21:12:38,039 INFO com.zaxxer.hikari.HikariDataSource [task-1] HikariPool-1 - Starting...
2020-08-07 21:12:38,069 WARN com.zaxxer.hikari.util.DriverDataSource [task-1] Registered driver with driverClassName=oracle.jdbc.driver.OracleDriver was not found, trying direct instantiation.
2020-08-07 21:12:39,989 INFO org.springframework.security.web.DefaultSecurityFilterChain [main] Creating filter chain: any request, [org.springframework.security.web.context.request.async.WebAsyncManagerIntegrationFilter@16a9eb2e, org.springframework.security.web.context.SecurityContextPersistenceFilter@60783105, org.springframework.security.web.header.HeaderWriterFilter@7e7f0216, org.springframework.web.filter.CorsFilter@76332405, org.springframework.security.web.authentication.logout.LogoutFilter@14b789f6, com.cg.healthcare.filter.JwtFilter@6014a9ba, org.springframework.security.web.savedrequest.RequestCacheAwareFilter@35d5ac51, org.springframework.security.web.servletapi.SecurityContextHolderAwareRequestFilter@78d6447a, org.springframework.security.web.authentication.AnonymousAuthenticationFilter@187e5235, org.springframework.security.web.session.SessionManagementFilter@1a4d1ab7, org.springframework.security.web.access.ExceptionTranslationFilter@7e19755a, org.springframework.security.web.access.intercept.FilterSecurityInterceptor@3968bc60]
2020-08-07 21:12:41,083 INFO com.zaxxer.hikari.HikariDataSource [task-1] HikariPool-1 - Start completed.
2020-08-07 21:12:41,240 INFO org.hibernate.dialect.Dialect [task-1] HHH000400: Using dialect: org.hibernate.dialect.Oracle10gDialect
2020-08-07 21:12:43,308 INFO org.springframework.data.repository.config.DeferredRepositoryInitializationListener [main] Triggering deferred initialization of Spring Data repositories…
2020-08-07 21:12:45,718 INFO org.hibernate.tuple.PojoInstantiator [task-1] HHH000182: No default (no-argument) constructor for class: com.cg.healthcare.entities.Appointment (class must be instantiated by Interceptor)
2020-08-07 21:12:46,889 INFO org.hibernate.engine.transaction.jta.platform.internal.JtaPlatformInitiator [task-1] HHH000490: Using JtaPlatform implementation: [org.hibernate.engine.transaction.jta.platform.internal.NoJtaPlatform]
2020-08-07 21:12:46,946 INFO org.springframework.orm.jpa.AbstractEntityManagerFactoryBean [task-1] Initialized JPA EntityManagerFactory for persistence unit 'default'
2020-08-07 21:12:48,499 INFO org.springframework.data.repository.config.DeferredRepositoryInitializationListener [main] Spring Data repositories initialized!
2020-08-07 21:12:48,615 INFO org.springframework.boot.StartupInfoLogger [main] Started AdminTests in 20.831 seconds (JVM running for 25.603)
2020-08-07 21:12:49,975 INFO org.springframework.orm.jpa.AbstractEntityManagerFactoryBean [SpringContextShutdownHook] Closing JPA EntityManagerFactory for persistence unit 'default'
2020-08-07 21:12:49,985 INFO org.springframework.scheduling.concurrent.ExecutorConfigurationSupport [SpringContextShutdownHook] Shutting down ExecutorService 'applicationTaskExecutor'
2020-08-07 21:12:49,988 INFO com.zaxxer.hikari.HikariDataSource [SpringContextShutdownHook] HikariPool-1 - Shutdown initiated...
2020-08-07 21:12:50,106 INFO com.zaxxer.hikari.HikariDataSource [SpringContextShutdownHook] HikariPool-1 - Shutdown completed.
